<?xml version="1.0" encoding="UTF-8"?>
<testsuite name="HashTableTest" tests="1" skipped="0" failures="0" errors="0" timestamp="2020-10-19T02:05:27" hostname="DESKTOP-UDL4V0I" time="0.004">
  <properties/>
  <testcase name="given_a_string_whenPassed_returnFreq" classname="HashTableTest" time="0.004"/>
  <system-out><![CDATA[]]></system-out>
  <system-err><![CDATA[]]></system-err>
</testsuite>
